#   Address             integral   12    'd98        
#   Address             integral   12    'd135       
#   Address             integral   12    'd23        
#   Address             integral   12    'd55        
#   Address             integral   12    'd136       
#   Address             integral   12    'd64        
#   Address             integral   12    'd63        
#   Address             integral   12    'd117       
#   Address             integral   12    'd34        
#   Address             integral   12    'd100       
#   Address: 'd98 
#   Address: 'd135 
#   Address: 'd23 
#   Address: 'd55 
#   Address: 'd136 
#   Address: 'd64 
#   Address: 'd63 
#   Address: 'd117 
#   Address: 'd34 
#   Address: 'd100 
# wr_xtnh[          0]: (write_xtn@455) { data: 'd81  Address: 'd98  write: 'd1  xtn_delay: 'd1340173988  xtn_type: GOOD_XTN  } 
# wr_xtnh[          1]: (write_xtn@459) { data: 'd57  Address: 'd135  write: 'd1  xtn_delay: 'd927660616  xtn_type: BAD_XTN  } 
# wr_xtnh[          2]: (write_xtn@463) { data: 'd61  Address: 'd23  write: 'd0  xtn_delay: -918135395  xtn_type: GOOD_XTN  } 
# wr_xtnh[          3]: (write_xtn@467) { data: 'd56  Address: 'd55  write: 'd1  xtn_delay: 'd262513549  xtn_type: GOOD_XTN  } 
# wr_xtnh[          4]: (write_xtn@471) { data: 'd34  Address: 'd136  write: 'd1  xtn_delay: 'd1998563970  xtn_type: GOOD_XTN  } 
# wr_xtnh[          5]: (write_xtn@475) { data: 'd22  Address: 'd64  write: 'd0  xtn_delay: -895388712  xtn_type: GOOD_XTN  } 
# wr_xtnh[          6]: (write_xtn@479) { data: 'd62  Address: 'd63  write: 'd0  xtn_delay: 'd1724342107  xtn_type: GOOD_XTN  } 
# wr_xtnh[          7]: (write_xtn@483) { data: 'd47  Address: 'd117  write: 'd1  xtn_delay: -33530968  xtn_type: GOOD_XTN  } 
# wr_xtnh[          8]: (write_xtn@487) { data: 'd47  Address: 'd34  write: 'd1  xtn_delay: 'd44744719  xtn_type: GOOD_XTN  } 
# wr_xtnh[          9]: (write_xtn@491) { data: 'd89  Address: 'd100  write: 'd0  xtn_delay: 'd1872471722  xtn_type: GOOD_XTN  } 
#   Address             integral   12    'd64        
#   Address: 'd64 
# wr_copy_xtnh: (write_xtn@495) { data: 'd22  Address: 'd64  write: 'd0  xtn_delay: 'dX  xtn_type: BAD_XTN  } 
#   Address             integral   12    'd34        
#   Address: 'd34 
# wr_xtnh[          8]: (write_xtn@499) { data: 'd47  Address: 'd34  write: 'd1  xtn_delay: 'dX  xtn_type: BAD_XTN  } 
