# wr_xtnh[          0]  write_xtn  -     @455        
# wr_xtnh[          1]  write_xtn  -     @459        
# wr_xtnh[          2]  write_xtn  -     @463        
# wr_xtnh[          3]  write_xtn  -     @467        
# wr_xtnh[          4]  write_xtn  -     @471        
# wr_xtnh[          5]  write_xtn  -     @475        
# wr_xtnh[          6]  write_xtn  -     @479        
# wr_xtnh[          7]  write_xtn  -     @483        
# wr_xtnh[          8]  write_xtn  -     @487        
# wr_xtnh[          9]  write_xtn  -     @491        
# wr_xtnh[          0]: (write_xtn@455) {
# wr_xtnh[          1]: (write_xtn@459) {
# wr_xtnh[          2]: (write_xtn@463) {
# wr_xtnh[          3]: (write_xtn@467) {
# wr_xtnh[          4]: (write_xtn@471) {
# wr_xtnh[          5]: (write_xtn@475) {
# wr_xtnh[          6]: (write_xtn@479) {
# wr_xtnh[          7]: (write_xtn@483) {
# wr_xtnh[          8]: (write_xtn@487) {
# wr_xtnh[          9]: (write_xtn@491) {
# wr_xtnh[          0]: (write_xtn@455) { data: 'd81  address: 'd98  write: 'd1  xtn_delay: 'd1340173988  xtn_type: GOOD_XTN  } 
# wr_xtnh[          1]: (write_xtn@459) { data: 'd57  address: 'd135  write: 'd1  xtn_delay: 'd927660616  xtn_type: BAD_XTN  } 
# wr_xtnh[          2]: (write_xtn@463) { data: 'd61  address: 'd23  write: 'd0  xtn_delay: -918135395  xtn_type: GOOD_XTN  } 
# wr_xtnh[          3]: (write_xtn@467) { data: 'd56  address: 'd55  write: 'd1  xtn_delay: 'd262513549  xtn_type: GOOD_XTN  } 
# wr_xtnh[          4]: (write_xtn@471) { data: 'd34  address: 'd136  write: 'd1  xtn_delay: 'd1998563970  xtn_type: GOOD_XTN  } 
# wr_xtnh[          5]: (write_xtn@475) { data: 'd22  address: 'd64  write: 'd0  xtn_delay: -895388712  xtn_type: GOOD_XTN  } 
# wr_xtnh[          6]: (write_xtn@479) { data: 'd62  address: 'd63  write: 'd0  xtn_delay: 'd1724342107  xtn_type: GOOD_XTN  } 
# wr_xtnh[          7]: (write_xtn@483) { data: 'd47  address: 'd117  write: 'd1  xtn_delay: -33530968  xtn_type: GOOD_XTN  } 
# wr_xtnh[          8]: (write_xtn@487) { data: 'd47  address: 'd34  write: 'd1  xtn_delay: 'd44744719  xtn_type: GOOD_XTN  } 
# wr_xtnh[          9]: (write_xtn@491) { data: 'd89  address: 'd100  write: 'd0  xtn_delay: 'd1872471722  xtn_type: GOOD_XTN  } 
# wr_xtnh[          8]  write_xtn  -     @499        
# wr_xtnh[          8]: (write_xtn@499) {
# wr_xtnh[          8]: (write_xtn@499) { data: 'd47  address: 'd34  write: 'd1  xtn_delay: 'dX  xtn_type: BAD_XTN  } 
